(node:6228) [DEP0176] DeprecationWarning: fs.F_OK is deprecated, use fs.constants.F_OK instead
(Use `node --trace-deprecation ...` to show where the warning was created)
newman

PlutusGrip API - Complete Test Suite

â–¡ Health Check
â”” API Health
  GET http://localhost:8000/health [200 OK, 236B, 137ms]
  âˆš  Status code is 200
  âˆš  Response has healthy status

â–¡ Authentication
â”” Register User
  POST http://localhost:8000/api/auth/register [201 Created, 317B, 820ms]
  âˆš  Status code is 201
  âˆš  Response has user data

â”” Login User
  POST http://localhost:8000/api/auth/login [200 OK, 661B, 560ms]
  âˆš  Status code is 200
  âˆš  Response has tokens

â”” Get Current User (Me)
  GET http://localhost:8000/api/auth/me [200 OK, 312B, 47ms]
  âˆš  Status code is 200
  âˆš  Response has user info

â”” Refresh Token
  POST http://localhost:8000/api/auth/refresh [200 OK, 307B, 64ms]
  âˆš  Status code is 200
  âˆš  Response has new access token

â”” Login Invalid Credentials
  POST http://localhost:8000/api/auth/login [401 Unauthorized, 175B, 51ms]
  âˆš  Status code is 401
  âˆš  Response has error message

â”” Access Protected Route without Token
  GET http://localhost:8000/api/auth/me [403 Forbidden, 162B, 29ms]
  âˆš  Status code is 401 or 403

â–¡ Categories
â”” List All Categories
  GET http://localhost:8000/api/categories [200 OK, 922B, 98ms]
  âˆš  Status code is 200
  âˆš  Response has categories array

â”” List Categories by Type (Expense)
  GET http://localhost:8000/api/categories?type=EXPENSE [200 OK, 734B, 115ms]
  âˆš  Status code is 200
  âˆš  All categories are expense type

â”” List Categories by Type (Income)
  GET http://localhost:8000/api/categories?type=INCOME [200 OK, 340B, 68ms]
  âˆš  Status code is 200
  âˆš  All categories are income type

â”” Get Category by ID
  GET http://localhost:8000/api/categories/1 [200 OK, 320B, 60ms]
  âˆš  Status code is 200
  âˆš  Response has category data

â”” Get Category Not Found
  GET http://localhost:8000/api/categories/99999 [404 Not Found, 163B, 44ms]
  âˆš  Status code is 404

â–¡ Transactions
â”” Create Transaction (Expense)
  POST http://localhost:8000/api/transactions [422 Unprocessable Entity, 360B, 60ms]
  1. Status code is 201
  2. Response has transaction data

â”” Create Transaction (Income)
  POST http://localhost:8000/api/transactions [422 Unprocessable Entity, 359B, 58ms]
  3. Status code is 201
  4. Response has income transaction data

â”” List All Transactions
  GET http://localhost:8000/api/transactions [200 OK, 178B, 108ms]
  âˆš  Status code is 200
  âˆš  Response has transactions array

â”” List Transactions by Type
  GET http://localhost:8000/api/transactions?type=EXPENSE [200 OK, 178B, 91ms]
  âˆš  Status code is 200
  âˆš  All transactions are expense type

â”” Get Transaction by ID
  GET http://localhost:8000/api/transactions/ [200 OK, 178B, 73ms]
  âˆš  Status code is 200
  5. Response has transaction data

â”” Update Transaction
  PUT http://localhost:8000/api/transactions/ [405 Method Not Allowed, 184B, 35ms]
  6. Status code is 200
  7. Transaction was updated

â”” Get Transaction Not Found
  GET http://localhost:8000/api/transactions/99999 [404 Not Found, 166B, 107ms]
  âˆš  Status code is 404

â–¡ Budgets
â”” Create Budget
  POST http://localhost:8000/api/budgets [500 Internal Server Error, 230B, 144ms]
  8. Status code is 201
  9. Response has budget data

â”” List Budgets
  GET http://localhost:8000/api/budgets [200 OK, 126B, 70ms]
  âˆš  Status code is 200
  âˆš  Response is array

â”” Get Budget by ID
  GET http://localhost:8000/api/budgets/ [200 OK, 126B, 141ms]
  âˆš  Status code is 200
 10. Response has budget data

â”” Get Budget Status
  GET http://localhost:8000/api/budgets//status [404 Not Found, 154B, 64ms]
 11. Status code is 200
 12. Response has status data

â”” Update Budget
  PUT http://localhost:8000/api/budgets/ [405 Method Not Allowed, 184B, 48ms]
 13. Status code is 200
 14. Budget was updated

â–¡ Goals
â”” Create Goal
  POST http://localhost:8000/api/goals [201 Created, 455B, 131ms]
  âˆš  Status code is 201
  âˆš  Response has goal data

â”” List Goals
  GET http://localhost:8000/api/goals [200 OK, 452B, 106ms]
  âˆš  Status code is 200
  âˆš  Response is array

â”” Get Goal by ID
  GET http://localhost:8000/api/goals/5 [200 OK, 450B, 61ms]
  âˆš  Status code is 200
  âˆš  Response has goal data

â”” Add Progress to Goal
  POST http://localhost:8000/api/goals/5/progress [200 OK, 452B, 123ms]
  âˆš  Status code is 200
  âˆš  Progress was added

â”” Get Goals Summary
  GET http://localhost:8000/api/goals/summary/progress [200 OK, 208B, 80ms]
  âˆš  Status code is 200
  âˆš  Response has summary data

â”” Update Goal
  PUT http://localhost:8000/api/goals/5 [200 OK, 474B, 57ms]
  âˆš  Status code is 200
  âˆš  Goal was updated

â”” Complete Goal
  POST http://localhost:8000/api/goals/5/complete [200 OK, 474B, 45ms]
  âˆš  Status code is 200
  âˆš  Goal was completed

â–¡ Recurring Transactions
â”” Create Recurring Transaction
  POST http://localhost:8000/api/recurring-transactions [422 Unprocessable Entity, 360B, 42ms]
 15. Status code is 201
 16. Response has recurring transaction data

â”” List Recurring Transactions
  GET http://localhost:8000/api/recurring-transactions [200 OK, 126B, 47ms]
  âˆš  Status code is 200
  âˆš  Response is array

â”” Get Recurring Transaction by ID
  GET http://localhost:8000/api/recurring-transactions/ [200 OK, 126B, 70ms]
  âˆš  Status code is 200
 17. Response has data

â”” Update Recurring Transaction
  PUT http://localhost:8000/api/recurring-transactions/ [405 Method Not Allowed, 184B, 25ms]
 18. Status code is 200
 19. Transaction was updated

â–¡ Reports
â”” Get Dashboard
  GET http://localhost:8000/api/reports/dashboard [200 OK, 243B, 57ms]
  âˆš  Status code is 200
  âˆš  Response has dashboard data

â”” Get Financial Summary
  GET http://localhost:8000/api/reports/summary [200 OK, 333B, 54ms]
  âˆš  Status code is 200
  âˆš  Response has summary data

â”” Get Financial Summary with Date Range
  GET http://localhost:8000/api/reports/summary?start_date=2026-01-01&end_date=2026-01-31 [200 OK, 333B, 66ms]
  âˆš  Status code is 200
  âˆš  Response has period matching request

â”” Get Category Breakdown (Expense)
  GET http://localhost:8000/api/reports/categories?type=EXPENSE [200 OK, 126B, 48ms]
  âˆš  Status code is 200
  âˆš  Response is array

â”” Get Monthly Trends
  GET http://localhost:8000/api/reports/trends?months=6 [200 OK, 756B, 87ms]
  âˆš  Status code is 200
  âˆš  Response has trend data

â”” Get Spending Patterns
  GET http://localhost:8000/api/reports/patterns [200 OK, 200B, 79ms]
  âˆš  Status code is 200
  âˆš  Response has pattern data

â–¡ Cleanup
â”” Delete Recurring Transaction
  DELETE http://localhost:8000/api/recurring-transactions/ [405 Method Not Allowed, 184B, 17ms]
 20. Status code is 204

â”” Delete Goal
  DELETE http://localhost:8000/api/goals/5 [204 No Content, 113B, 54ms]
  âˆš  Status code is 204

â”” Delete Budget
  DELETE http://localhost:8000/api/budgets/ [405 Method Not Allowed, 184B, 20ms]
 21. Status code is 204

â”” Delete Transaction
  DELETE http://localhost:8000/api/transactions/ [405 Method Not Allowed, 184B, 24ms]
 22. Status code is 204

â”” Logout
  POST http://localhost:8000/api/auth/logout [200 OK, 236B, 48ms]
  âˆš  Status code is 200
  âˆš  Response has logout message

â”Œâ”€â”€â”€â”€â”€â”€â”€â”€â”€â”€â”€â”€â”€â”€â”€â”€â”€â”€â”€â”€â”€â”€â”€â”€â”€â”¬â”€â”€â”€â”€â”€â”€â”€â”€â”€â”€â”€â”€â”€â”€â”€â”€â”€â”€â”€â”€â”¬â”€â”€â”€â”€â”€â”€â”€â”€â”€â”€â”€â”€â”€â”€â”€â”€â”€â”€â”€â”
â”‚                         â”‚           executed â”‚            failed â”‚
â”œâ”€â”€â”€â”€â”€â”€â”€â”€â”€â”€â”€â”€â”€â”€â”€â”€â”€â”€â”€â”€â”€â”€â”€â”€â”€â”¼â”€â”€â”€â”€â”€â”€â”€â”€â”€â”€â”€â”€â”€â”€â”€â”€â”€â”€â”€â”€â”¼â”€â”€â”€â”€â”€â”€â”€â”€â”€â”€â”€â”€â”€â”€â”€â”€â”€â”€â”€â”¤
â”‚              iterations â”‚                  1 â”‚                 0 â”‚
â”œâ”€â”€â”€â”€â”€â”€â”€â”€â”€â”€â”€â”€â”€â”€â”€â”€â”€â”€â”€â”€â”€â”€â”€â”€â”€â”¼â”€â”€â”€â”€â”€â”€â”€â”€â”€â”€â”€â”€â”€â”€â”€â”€â”€â”€â”€â”€â”¼â”€â”€â”€â”€â”€â”€â”€â”€â”€â”€â”€â”€â”€â”€â”€â”€â”€â”€â”€â”¤
â”‚                requests â”‚                 46 â”‚                 0 â”‚
â”œâ”€â”€â”€â”€â”€â”€â”€â”€â”€â”€â”€â”€â”€â”€â”€â”€â”€â”€â”€â”€â”€â”€â”€â”€â”€â”¼â”€â”€â”€â”€â”€â”€â”€â”€â”€â”€â”€â”€â”€â”€â”€â”€â”€â”€â”€â”€â”¼â”€â”€â”€â”€â”€â”€â”€â”€â”€â”€â”€â”€â”€â”€â”€â”€â”€â”€â”€â”¤
â”‚            test-scripts â”‚                 46 â”‚                 0 â”‚
â”œâ”€â”€â”€â”€â”€â”€â”€â”€â”€â”€â”€â”€â”€â”€â”€â”€â”€â”€â”€â”€â”€â”€â”€â”€â”€â”¼â”€â”€â”€â”€â”€â”€â”€â”€â”€â”€â”€â”€â”€â”€â”€â”€â”€â”€â”€â”€â”¼â”€â”€â”€â”€â”€â”€â”€â”€â”€â”€â”€â”€â”€â”€â”€â”€â”€â”€â”€â”¤
â”‚      prerequest-scripts â”‚                  1 â”‚                 0 â”‚
â”œâ”€â”€â”€â”€â”€â”€â”€â”€â”€â”€â”€â”€â”€â”€â”€â”€â”€â”€â”€â”€â”€â”€â”€â”€â”€â”¼â”€â”€â”€â”€â”€â”€â”€â”€â”€â”€â”€â”€â”€â”€â”€â”€â”€â”€â”€â”€â”¼â”€â”€â”€â”€â”€â”€â”€â”€â”€â”€â”€â”€â”€â”€â”€â”€â”€â”€â”€â”¤
â”‚              assertions â”‚                 85 â”‚                22 â”‚
â”œâ”€â”€â”€â”€â”€â”€â”€â”€â”€â”€â”€â”€â”€â”€â”€â”€â”€â”€â”€â”€â”€â”€â”€â”€â”€â”´â”€â”€â”€â”€â”€â”€â”€â”€â”€â”€â”€â”€â”€â”€â”€â”€â”€â”€â”€â”€â”´â”€â”€â”€â”€â”€â”€â”€â”€â”€â”€â”€â”€â”€â”€â”€â”€â”€â”€â”€â”¤
â”‚ total run duration: 9s                                           â”‚
â”œâ”€â”€â”€â”€â”€â”€â”€â”€â”€â”€â”€â”€â”€â”€â”€â”€â”€â”€â”€â”€â”€â”€â”€â”€â”€â”€â”€â”€â”€â”€â”€â”€â”€â”€â”€â”€â”€â”€â”€â”€â”€â”€â”€â”€â”€â”€â”€â”€â”€â”€â”€â”€â”€â”€â”€â”€â”€â”€â”€â”€â”€â”€â”€â”€â”€â”€â”¤
â”‚ total data received: 7.68kB (approx)                             â”‚
â”œâ”€â”€â”€â”€â”€â”€â”€â”€â”€â”€â”€â”€â”€â”€â”€â”€â”€â”€â”€â”€â”€â”€â”€â”€â”€â”€â”€â”€â”€â”€â”€â”€â”€â”€â”€â”€â”€â”€â”€â”€â”€â”€â”€â”€â”€â”€â”€â”€â”€â”€â”€â”€â”€â”€â”€â”€â”€â”€â”€â”€â”€â”€â”€â”€â”€â”€â”¤
â”‚ average response time: 96ms [min: 17ms, max: 820ms, s.d.: 133ms] â”‚
â””â”€â”€â”€â”€â”€â”€â”€â”€â”€â”€â”€â”€â”€â”€â”€â”€â”€â”€â”€â”€â”€â”€â”€â”€â”€â”€â”€â”€â”€â”€â”€â”€â”€â”€â”€â”€â”€â”€â”€â”€â”€â”€â”€â”€â”€â”€â”€â”€â”€â”€â”€â”€â”€â”€â”€â”€â”€â”€â”€â”€â”€â”€â”€â”€â”€â”€â”˜

[31m   # [39m[31m failure        [39m[31m detail                                                               [39m
[90m     [39m[90m                [39m[90m                                                                      [39m
 01.  AssertionError  Status code is 201                                                   
                      expected response to have status code 201 but got 422                
                      at assertion:0 in test-script                                        
                      inside "Transactions / Create Transaction (Expense)"                 
[90m     [39m[90m                [39m[90m                                                                      [39m
 02.  AssertionError  Response has transaction data                                        
                      expected { error: 'Validation Error', â€¦(2) } to have property 'id'   
                      at assertion:1 in test-script                                        
                      inside "Transactions / Create Transaction (Expense)"                 
[90m     [39m[90m                [39m[90m                                                                      [39m
 03.  AssertionError  Status code is 201                                                   
                      expected response to have status code 201 but got 422                
                      at assertion:0 in test-script                                        
                      inside "Transactions / Create Transaction (Income)"                  
[90m     [39m[90m                [39m[90m                                                                      [39m
 04.  TypeError       Response has income transaction data                                 
                      Cannot read properties of undefined (reading 'toLowerCase')          
                      at assertion:1 in test-script                                        
                      inside "Transactions / Create Transaction (Income)"                  
[90m     [39m[90m                [39m[90m                                                                      [39m
 05.  AssertionError  Response has transaction data                                        
                      expected { transactions: [], total: +0, â€¦(2) } to have property 'id' 
                      at assertion:1 in test-script                                        
                      inside "Transactions / Get Transaction by ID"                        
[90m     [39m[90m                [39m[90m                                                                      [39m
 06.  AssertionError  Status code is 200                                                   
                      expected response to have status code 200 but got 405                
                      at assertion:0 in test-script                                        
                      inside "Transactions / Update Transaction"                           
[90m     [39m[90m                [39m[90m                                                                      [39m
 07.  AssertionError  Transaction was updated                                              
                      expected undefined to deeply equal 'Updated Transaction'             
                      at assertion:1 in test-script                                        
                      inside "Transactions / Update Transaction"                           
[90m     [39m[90m                [39m[90m                                                                      [39m
 08.  AssertionError  Status code is 201                                                   
                      expected response to have status code 201 but got 500                
                      at assertion:0 in test-script                                        
                      inside "Budgets / Create Budget"                                     
[90m     [39m[90m                [39m[90m                                                                      [39m
 09.  AssertionError  Response has budget data                                             
                      expected { error: 'Database Error', â€¦(1) } to have property 'id'     
                      at assertion:1 in test-script                                        
                      inside "Budgets / Create Budget"                                     
[90m     [39m[90m                [39m[90m                                                                      [39m
 10.  AssertionError  Response has budget data                                             
                      expected [] to have property 'id'                                    
                      at assertion:1 in test-script                                        
                      inside "Budgets / Get Budget by ID"                                  
[90m     [39m[90m                [39m[90m                                                                      [39m
 11.  AssertionError  Status code is 200                                                   
                      expected response to have status code 200 but got 404                
                      at assertion:0 in test-script                                        
                      inside "Budgets / Get Budget Status"                                 
[90m     [39m[90m                [39m[90m                                                                      [39m
 12.  AssertionError  Response has status data                                             
                      expected { detail: 'Not Found' } to have property 'budget_amount'    
                      at assertion:1 in test-script                                        
                      inside "Budgets / Get Budget Status"                                 
[90m     [39m[90m                [39m[90m                                                                      [39m
 13.  AssertionError  Status code is 200                                                   
                      expected response to have status code 200 but got 405                
                      at assertion:0 in test-script                                        
                      inside "Budgets / Update Budget"                                     
[90m     [39m[90m                [39m[90m                                                                      [39m
 14.  AssertionError  Budget was updated                                                   
                      expected undefined to deeply equal 1500                              
                      at assertion:1 in test-script                                        
                      inside "Budgets / Update Budget"                                     
[90m     [39m[90m                [39m[90m                                                                      [39m
 15.  AssertionError  Status code is 201                                                   
                      expected response to have status code 201 but got 422                
                      at assertion:0 in test-script                                        
                      inside "Recurring Transactions / Create Recurring Transaction"       
[90m     [39m[90m                [39m[90m                                                                      [39m
 16.  AssertionError  Response has recurring transaction data                              
                      expected { error: 'Validation Error', â€¦(2) } to have property 'id'   
                      at assertion:1 in test-script                                        
                      inside "Recurring Transactions / Create Recurring Transaction"       
[90m     [39m[90m                [39m[90m                                                                      [39m
 17.  AssertionError  Response has data                                                    
                      expected [] to have property 'id'                                    
                      at assertion:1 in test-script                                        
                      inside "Recurring Transactions / Get Recurring Transaction by ID"    
[90m     [39m[90m                [39m[90m                                                                      [39m
 18.  AssertionError  Status code is 200                                                   
                      expected response to have status code 200 but got 405                
                      at assertion:0 in test-script                                        
                      inside "Recurring Transactions / Update Recurring Transaction"       
[90m     [39m[90m                [39m[90m                                                                      [39m
 19.  AssertionError  Transaction was updated                                              
                      expected undefined to deeply equal 'Updated Monthly Rent'            
                      at assertion:1 in test-script                                        
                      inside "Recurring Transactions / Update Recurring Transaction"       
[90m     [39m[90m                [39m[90m                                                                      [39m
 20.  AssertionError  Status code is 204                                                   
                      expected response to have status code 204 but got 405                
                      at assertion:0 in test-script                                        
                      inside "Cleanup / Delete Recurring Transaction"                      
[90m     [39m[90m                [39m[90m                                                                      [39m
 21.  AssertionError  Status code is 204                                                   
                      expected response to have status code 204 but got 405                
                      at assertion:0 in test-script                                        
                      inside "Cleanup / Delete Budget"                                     
[90m     [39m[90m                [39m[90m                                                                      [39m
 22.  AssertionError  Status code is 204                                                   
                      expected response to have status code 204 but got 405                
                      at assertion:0 in test-script                                        
                      inside "Cleanup / Delete Transaction"                                
