(node:16028) [DEP0176] DeprecationWarning: fs.F_OK is deprecated, use fs.constants.F_OK instead
(Use `node --trace-deprecation ...` to show where the warning was created)
newman

PlutusGrip API - Complete Test Suite

â–¡ Health Check
â”” API Health
  GET http://localhost:8000/health [200 OK, 236B, 191ms]
  âˆš  Status code is 200
  âˆš  Response has healthy status

â–¡ Authentication
â”” Register User
  POST http://localhost:8000/api/auth/register [201 Created, 317B, 2.8s]
  âˆš  Status code is 201
  âˆš  Response has user data

â”” Login User
  POST http://localhost:8000/api/auth/login [200 OK, 661B, 1041ms]
  âˆš  Status code is 200
  âˆš  Response has tokens

â”” Get Current User (Me)
  GET http://localhost:8000/api/auth/me [200 OK, 312B, 50ms]
  âˆš  Status code is 200
  âˆš  Response has user info

â”” Refresh Token
  POST http://localhost:8000/api/auth/refresh [200 OK, 307B, 38ms]
  âˆš  Status code is 200
  âˆš  Response has new access token

â”” Login Invalid Credentials
  POST http://localhost:8000/api/auth/login [401 Unauthorized, 175B, 28ms]
  âˆš  Status code is 401
  âˆš  Response has error message

â”” Access Protected Route without Token
  GET http://localhost:8000/api/auth/me [403 Forbidden, 162B, 15ms]
  âˆš  Status code is 401 or 403

â–¡ Categories
â”” List All Categories
  GET http://localhost:8000/api/categories [200 OK, 922B, 52ms]
  âˆš  Status code is 200
  âˆš  Response has categories array

â”” List Categories by Type (Expense)
  GET http://localhost:8000/api/categories?type=expense [422 Unprocessable Entity, 361B, 22ms]
  1. Status code is 200
  2. All categories are expense type

â”” List Categories by Type (Income)
  GET http://localhost:8000/api/categories?type=income [422 Unprocessable Entity, 360B, 20ms]
  3. Status code is 200
  4. All categories are income type

â”” Get Category by ID
  GET http://localhost:8000/api/categories/1 [200 OK, 320B, 33ms]
  âˆš  Status code is 200
  âˆš  Response has category data

â”” Get Category Not Found
  GET http://localhost:8000/api/categories/99999 [404 Not Found, 163B, 11ms]
  âˆš  Status code is 404

â–¡ Transactions
â”” Create Transaction (Expense)
  POST http://localhost:8000/api/transactions [422 Unprocessable Entity, 360B, 38ms]
  5. Status code is 201
  6. Response has transaction data

â”” Create Transaction (Income)
  POST http://localhost:8000/api/transactions [422 Unprocessable Entity, 359B, 37ms]
  7. Status code is 201
  8. Response has income transaction data

â”” List All Transactions
  GET http://localhost:8000/api/transactions [200 OK, 178B, 36ms]
  âˆš  Status code is 200
  âˆš  Response has transactions array

â”” List Transactions by Type
  GET http://localhost:8000/api/transactions?type=expense [500 Internal Server Error, 230B, 62ms]
  9. Status code is 200
 10. All transactions are expense type

â”” Get Transaction by ID
  GET http://localhost:8000/api/transactions/ [200 OK, 178B, 42ms]
  âˆš  Status code is 200
 11. Response has transaction data

â”” Update Transaction
  PUT http://localhost:8000/api/transactions/ [405 Method Not Allowed, 184B, 14ms]
 12. Status code is 200
 13. Transaction was updated

â”” Get Transaction Not Found
  GET http://localhost:8000/api/transactions/99999 [404 Not Found, 166B, 32ms]
  âˆš  Status code is 404

â–¡ Budgets
â”” Create Budget
  POST http://localhost:8000/api/budgets [500 Internal Server Error, 230B, 61ms]
 14. Status code is 201
 15. Response has budget data

â”” List Budgets
  GET http://localhost:8000/api/budgets [200 OK, 126B, 67ms]
  âˆš  Status code is 200
  âˆš  Response is array

â”” Get Budget by ID
  GET http://localhost:8000/api/budgets/ [200 OK, 126B, 53ms]
  âˆš  Status code is 200
 16. Response has budget data

â”” Get Budget Status
  GET http://localhost:8000/api/budgets//status [404 Not Found, 154B, 8ms]
 17. Status code is 200
 18. Response has status data

â”” Update Budget
  PUT http://localhost:8000/api/budgets/ [405 Method Not Allowed, 184B, 16ms]
 19. Status code is 200
 20. Budget was updated

â–¡ Goals
â”” Create Goal
  POST http://localhost:8000/api/goals [201 Created, 455B, 61ms]
  âˆš  Status code is 201
  âˆš  Response has goal data

â”” List Goals
  GET http://localhost:8000/api/goals [200 OK, 452B, 48ms]
  âˆš  Status code is 200
  âˆš  Response is array

â”” Get Goal by ID
  GET http://localhost:8000/api/goals/4 [200 OK, 450B, 45ms]
  âˆš  Status code is 200
  âˆš  Response has goal data

â”” Add Progress to Goal
  POST http://localhost:8000/api/goals/4/progress [200 OK, 452B, 97ms]
  âˆš  Status code is 200
  âˆš  Progress was added

â”” Get Goals Summary
  GET http://localhost:8000/api/goals/summary/progress [200 OK, 208B, 41ms]
  âˆš  Status code is 200
  âˆš  Response has summary data

â”” Update Goal
  PUT http://localhost:8000/api/goals/4 [200 OK, 474B, 48ms]
  âˆš  Status code is 200
  âˆš  Goal was updated

â”” Complete Goal
  POST http://localhost:8000/api/goals/4/complete [200 OK, 474B, 41ms]
  âˆš  Status code is 200
  âˆš  Goal was completed

â–¡ Recurring Transactions
â”” Create Recurring Transaction
  POST http://localhost:8000/api/recurring-transactions [422 Unprocessable Entity, 360B, 39ms]
 21. Status code is 201
 22. Response has recurring transaction data

â”” List Recurring Transactions
  GET http://localhost:8000/api/recurring-transactions [200 OK, 126B, 35ms]
  âˆš  Status code is 200
  âˆš  Response is array

â”” Get Recurring Transaction by ID
  GET http://localhost:8000/api/recurring-transactions/ [200 OK, 126B, 46ms]
  âˆš  Status code is 200
 23. Response has data

â”” Update Recurring Transaction
  PUT http://localhost:8000/api/recurring-transactions/ [405 Method Not Allowed, 184B, 24ms]
 24. Status code is 200
 25. Transaction was updated

â–¡ Reports
â”” Get Dashboard
  GET http://localhost:8000/api/reports/dashboard [200 OK, 243B, 80ms]
  âˆš  Status code is 200
  âˆš  Response has dashboard data

â”” Get Financial Summary
  GET http://localhost:8000/api/reports/summary [200 OK, 333B, 62ms]
  âˆš  Status code is 200
  âˆš  Response has summary data

â”” Get Financial Summary with Date Range
  GET http://localhost:8000/api/reports/summary?start_date=2026-01-01&end_date=2026-01-31 [200 OK, 333B, 53ms]
  âˆš  Status code is 200
  âˆš  Response has period matching request

â”” Get Category Breakdown (Expense)
  GET http://localhost:8000/api/reports/categories?type=expense [422 Unprocessable Entity, 361B, 36ms]
 26. Status code is 200
 27. Response is array

â”” Get Monthly Trends
  GET http://localhost:8000/api/reports/trends?months=6 [200 OK, 756B, 63ms]
  âˆš  Status code is 200
  âˆš  Response has trend data

â”” Get Spending Patterns
  GET http://localhost:8000/api/reports/patterns [200 OK, 200B, 125ms]
  âˆš  Status code is 200
  âˆš  Response has pattern data

â–¡ Cleanup
â”” Delete Recurring Transaction
  DELETE http://localhost:8000/api/recurring-transactions/ [405 Method Not Allowed, 184B, 19ms]
 28. Status code is 204

â”” Delete Goal
  DELETE http://localhost:8000/api/goals/4 [204 No Content, 113B, 76ms]
  âˆš  Status code is 204

â”” Delete Budget
  DELETE http://localhost:8000/api/budgets/ [405 Method Not Allowed, 184B, 14ms]
 29. Status code is 204

â”” Delete Transaction
  DELETE http://localhost:8000/api/transactions/ [405 Method Not Allowed, 184B, 14ms]
 30. Status code is 204

â”” Logout
  POST http://localhost:8000/api/auth/logout [200 OK, 236B, 37ms]
  âˆš  Status code is 200
  âˆš  Response has logout message

â”Œâ”€â”€â”€â”€â”€â”€â”€â”€â”€â”€â”€â”€â”€â”€â”€â”€â”€â”€â”€â”€â”€â”€â”€â”€â”€â”¬â”€â”€â”€â”€â”€â”€â”€â”€â”€â”€â”€â”€â”€â”€â”€â”€â”€â”€â”€â”¬â”€â”€â”€â”€â”€â”€â”€â”€â”€â”€â”€â”€â”€â”€â”€â”€â”€â”€â”€â”
â”‚                         â”‚          executed â”‚            failed â”‚
â”œâ”€â”€â”€â”€â”€â”€â”€â”€â”€â”€â”€â”€â”€â”€â”€â”€â”€â”€â”€â”€â”€â”€â”€â”€â”€â”¼â”€â”€â”€â”€â”€â”€â”€â”€â”€â”€â”€â”€â”€â”€â”€â”€â”€â”€â”€â”¼â”€â”€â”€â”€â”€â”€â”€â”€â”€â”€â”€â”€â”€â”€â”€â”€â”€â”€â”€â”¤
â”‚              iterations â”‚                 1 â”‚                 0 â”‚
â”œâ”€â”€â”€â”€â”€â”€â”€â”€â”€â”€â”€â”€â”€â”€â”€â”€â”€â”€â”€â”€â”€â”€â”€â”€â”€â”¼â”€â”€â”€â”€â”€â”€â”€â”€â”€â”€â”€â”€â”€â”€â”€â”€â”€â”€â”€â”¼â”€â”€â”€â”€â”€â”€â”€â”€â”€â”€â”€â”€â”€â”€â”€â”€â”€â”€â”€â”¤
â”‚                requests â”‚                46 â”‚                 0 â”‚
â”œâ”€â”€â”€â”€â”€â”€â”€â”€â”€â”€â”€â”€â”€â”€â”€â”€â”€â”€â”€â”€â”€â”€â”€â”€â”€â”¼â”€â”€â”€â”€â”€â”€â”€â”€â”€â”€â”€â”€â”€â”€â”€â”€â”€â”€â”€â”¼â”€â”€â”€â”€â”€â”€â”€â”€â”€â”€â”€â”€â”€â”€â”€â”€â”€â”€â”€â”¤
â”‚            test-scripts â”‚                46 â”‚                 0 â”‚
â”œâ”€â”€â”€â”€â”€â”€â”€â”€â”€â”€â”€â”€â”€â”€â”€â”€â”€â”€â”€â”€â”€â”€â”€â”€â”€â”¼â”€â”€â”€â”€â”€â”€â”€â”€â”€â”€â”€â”€â”€â”€â”€â”€â”€â”€â”€â”¼â”€â”€â”€â”€â”€â”€â”€â”€â”€â”€â”€â”€â”€â”€â”€â”€â”€â”€â”€â”¤
â”‚      prerequest-scripts â”‚                 1 â”‚                 0 â”‚
â”œâ”€â”€â”€â”€â”€â”€â”€â”€â”€â”€â”€â”€â”€â”€â”€â”€â”€â”€â”€â”€â”€â”€â”€â”€â”€â”¼â”€â”€â”€â”€â”€â”€â”€â”€â”€â”€â”€â”€â”€â”€â”€â”€â”€â”€â”€â”¼â”€â”€â”€â”€â”€â”€â”€â”€â”€â”€â”€â”€â”€â”€â”€â”€â”€â”€â”€â”¤
â”‚              assertions â”‚                85 â”‚                30 â”‚
â”œâ”€â”€â”€â”€â”€â”€â”€â”€â”€â”€â”€â”€â”€â”€â”€â”€â”€â”€â”€â”€â”€â”€â”€â”€â”€â”´â”€â”€â”€â”€â”€â”€â”€â”€â”€â”€â”€â”€â”€â”€â”€â”€â”€â”€â”€â”´â”€â”€â”€â”€â”€â”€â”€â”€â”€â”€â”€â”€â”€â”€â”€â”€â”€â”€â”€â”¤
â”‚ total run duration: 10.2s                                       â”‚
â”œâ”€â”€â”€â”€â”€â”€â”€â”€â”€â”€â”€â”€â”€â”€â”€â”€â”€â”€â”€â”€â”€â”€â”€â”€â”€â”€â”€â”€â”€â”€â”€â”€â”€â”€â”€â”€â”€â”€â”€â”€â”€â”€â”€â”€â”€â”€â”€â”€â”€â”€â”€â”€â”€â”€â”€â”€â”€â”€â”€â”€â”€â”€â”€â”€â”€â”¤
â”‚ total data received: 7.54kB (approx)                            â”‚
â”œâ”€â”€â”€â”€â”€â”€â”€â”€â”€â”€â”€â”€â”€â”€â”€â”€â”€â”€â”€â”€â”€â”€â”€â”€â”€â”€â”€â”€â”€â”€â”€â”€â”€â”€â”€â”€â”€â”€â”€â”€â”€â”€â”€â”€â”€â”€â”€â”€â”€â”€â”€â”€â”€â”€â”€â”€â”€â”€â”€â”€â”€â”€â”€â”€â”€â”¤
â”‚ average response time: 129ms [min: 8ms, max: 2.8s, s.d.: 435ms] â”‚
â””â”€â”€â”€â”€â”€â”€â”€â”€â”€â”€â”€â”€â”€â”€â”€â”€â”€â”€â”€â”€â”€â”€â”€â”€â”€â”€â”€â”€â”€â”€â”€â”€â”€â”€â”€â”€â”€â”€â”€â”€â”€â”€â”€â”€â”€â”€â”€â”€â”€â”€â”€â”€â”€â”€â”€â”€â”€â”€â”€â”€â”€â”€â”€â”€â”€â”˜

[31m   # [39m[31m failure        [39m[31m detail                                                               [39m
[90m     [39m[90m                [39m[90m                                                                      [39m
 01.  AssertionError  Status code is 200                                                   
                      expected response to have status code 200 but got 422                
                      at assertion:0 in test-script                                        
                      inside "Categories / List Categories by Type (Expense)"              
[90m     [39m[90m                [39m[90m                                                                      [39m
 02.  TypeError       All categories are expense type                                      
                      Cannot read properties of undefined (reading 'forEach')              
                      at assertion:1 in test-script                                        
                      inside "Categories / List Categories by Type (Expense)"              
[90m     [39m[90m                [39m[90m                                                                      [39m
 03.  AssertionError  Status code is 200                                                   
                      expected response to have status code 200 but got 422                
                      at assertion:0 in test-script                                        
                      inside "Categories / List Categories by Type (Income)"               
[90m     [39m[90m                [39m[90m                                                                      [39m
 04.  TypeError       All categories are income type                                       
                      Cannot read properties of undefined (reading 'forEach')              
                      at assertion:1 in test-script                                        
                      inside "Categories / List Categories by Type (Income)"               
[90m     [39m[90m                [39m[90m                                                                      [39m
 05.  AssertionError  Status code is 201                                                   
                      expected response to have status code 201 but got 422                
                      at assertion:0 in test-script                                        
                      inside "Transactions / Create Transaction (Expense)"                 
[90m     [39m[90m                [39m[90m                                                                      [39m
 06.  AssertionError  Response has transaction data                                        
                      expected { error: 'Validation Error', â€¦(2) } to have property 'id'   
                      at assertion:1 in test-script                                        
                      inside "Transactions / Create Transaction (Expense)"                 
[90m     [39m[90m                [39m[90m                                                                      [39m
 07.  AssertionError  Status code is 201                                                   
                      expected response to have status code 201 but got 422                
                      at assertion:0 in test-script                                        
                      inside "Transactions / Create Transaction (Income)"                  
[90m     [39m[90m                [39m[90m                                                                      [39m
 08.  TypeError       Response has income transaction data                                 
                      Cannot read properties of undefined (reading 'toLowerCase')          
                      at assertion:1 in test-script                                        
                      inside "Transactions / Create Transaction (Income)"                  
[90m     [39m[90m                [39m[90m                                                                      [39m
 09.  AssertionError  Status code is 200                                                   
                      expected response to have status code 200 but got 500                
                      at assertion:0 in test-script                                        
                      inside "Transactions / List Transactions by Type"                    
[90m     [39m[90m                [39m[90m                                                                      [39m
 10.  TypeError       All transactions are expense type                                    
                      Cannot read properties of undefined (reading 'forEach')              
                      at assertion:1 in test-script                                        
                      inside "Transactions / List Transactions by Type"                    
[90m     [39m[90m                [39m[90m                                                                      [39m
 11.  AssertionError  Response has transaction data                                        
                      expected { transactions: [], total: +0, â€¦(2) } to have property 'id' 
                      at assertion:1 in test-script                                        
                      inside "Transactions / Get Transaction by ID"                        
[90m     [39m[90m                [39m[90m                                                                      [39m
 12.  AssertionError  Status code is 200                                                   
                      expected response to have status code 200 but got 405                
                      at assertion:0 in test-script                                        
                      inside "Transactions / Update Transaction"                           
[90m     [39m[90m                [39m[90m                                                                      [39m
 13.  AssertionError  Transaction was updated                                              
                      expected undefined to deeply equal 'Updated Transaction'             
                      at assertion:1 in test-script                                        
                      inside "Transactions / Update Transaction"                           
[90m     [39m[90m                [39m[90m                                                                      [39m
 14.  AssertionError  Status code is 201                                                   
                      expected response to have status code 201 but got 500                
                      at assertion:0 in test-script                                        
                      inside "Budgets / Create Budget"                                     
[90m     [39m[90m                [39m[90m                                                                      [39m
 15.  AssertionError  Response has budget data                                             
                      expected { error: 'Database Error', â€¦(1) } to have property 'id'     
                      at assertion:1 in test-script                                        
                      inside "Budgets / Create Budget"                                     
[90m     [39m[90m                [39m[90m                                                                      [39m
 16.  AssertionError  Response has budget data                                             
                      expected [] to have property 'id'                                    
                      at assertion:1 in test-script                                        
                      inside "Budgets / Get Budget by ID"                                  
[90m     [39m[90m                [39m[90m                                                                      [39m
 17.  AssertionError  Status code is 200                                                   
                      expected response to have status code 200 but got 404                
                      at assertion:0 in test-script                                        
                      inside "Budgets / Get Budget Status"                                 
[90m     [39m[90m                [39m[90m                                                                      [39m
 18.  AssertionError  Response has status data                                             
                      expected { detail: 'Not Found' } to have property 'budget_amount'    
                      at assertion:1 in test-script                                        
                      inside "Budgets / Get Budget Status"                                 
[90m     [39m[90m                [39m[90m                                                                      [39m
 19.  AssertionError  Status code is 200                                                   
                      expected response to have status code 200 but got 405                
                      at assertion:0 in test-script                                        
                      inside "Budgets / Update Budget"                                     
[90m     [39m[90m                [39m[90m                                                                      [39m
 20.  AssertionError  Budget was updated                                                   
                      expected undefined to deeply equal 1500                              
                      at assertion:1 in test-script                                        
                      inside "Budgets / Update Budget"                                     
[90m     [39m[90m                [39m[90m                                                                      [39m
 21.  AssertionError  Status code is 201                                                   
                      expected response to have status code 201 but got 422                
                      at assertion:0 in test-script                                        
                      inside "Recurring Transactions / Create Recurring Transaction"       
[90m     [39m[90m                [39m[90m                                                                      [39m
 22.  AssertionError  Response has recurring transaction data                              
                      expected { error: 'Validation Error', â€¦(2) } to have property 'id'   
                      at assertion:1 in test-script                                        
                      inside "Recurring Transactions / Create Recurring Transaction"       
[90m     [39m[90m                [39m[90m                                                                      [39m
 23.  AssertionError  Response has data                                                    
                      expected [] to have property 'id'                                    
                      at assertion:1 in test-script                                        
                      inside "Recurring Transactions / Get Recurring Transaction by ID"    
[90m     [39m[90m                [39m[90m                                                                      [39m
 24.  AssertionError  Status code is 200                                                   
                      expected response to have status code 200 but got 405                
                      at assertion:0 in test-script                                        
                      inside "Recurring Transactions / Update Recurring Transaction"       
[90m     [39m[90m                [39m[90m                                                                      [39m
 25.  AssertionError  Transaction was updated                                              
                      expected undefined to deeply equal 'Updated Monthly Rent'            
                      at assertion:1 in test-script                                        
                      inside "Recurring Transactions / Update Recurring Transaction"       
[90m     [39m[90m                [39m[90m                                                                      [39m
 26.  AssertionError  Status code is 200                                                   
                      expected response to have status code 200 but got 422                
                      at assertion:0 in test-script                                        
                      inside "Reports / Get Category Breakdown (Expense)"                  
[90m     [39m[90m                [39m[90m                                                                      [39m
 27.  AssertionError  Response is array                                                    
                      expected { error: 'Validation Error', â€¦(2) } to be an array          
                      at assertion:1 in test-script                                        
                      inside "Reports / Get Category Breakdown (Expense)"                  
[90m     [39m[90m                [39m[90m                                                                      [39m
 28.  AssertionError  Status code is 204                                                   
                      expected response to have status code 204 but got 405                
                      at assertion:0 in test-script                                        
                      inside "Cleanup / Delete Recurring Transaction"                      
[90m     [39m[90m                [39m[90m                                                                      [39m
 29.  AssertionError  Status code is 204                                                   
                      expected response to have status code 204 but got 405                
                      at assertion:0 in test-script                                        
                      inside "Cleanup / Delete Budget"                                     
[90m     [39m[90m                [39m[90m                                                                      [39m
 30.  AssertionError  Status code is 204                                                   
                      expected response to have status code 204 but got 405                
                      at assertion:0 in test-script                                        
                      inside "Cleanup / Delete Transaction"                                
