(node:19632) [DEP0176] DeprecationWarning: fs.F_OK is deprecated, use fs.constants.F_OK instead
(Use `node --trace-deprecation ...` to show where the warning was created)
newman

PlutusGrip API - Complete Test Suite

â–¡ Health Check
â”” API Health
  GET http://localhost:8000/health [200 OK, 236B, 132ms]
  âˆš  Status code is 200
  âˆš  Response has healthy status

â–¡ Authentication
â”” Register User
  POST http://localhost:8000/api/auth/register [201 Created, 317B, 826ms]
  âˆš  Status code is 201
  âˆš  Response has user data

â”” Login User
  POST http://localhost:8000/api/auth/login [200 OK, 661B, 632ms]
  âˆš  Status code is 200
  âˆš  Response has tokens

â”” Get Current User (Me)
  GET http://localhost:8000/api/auth/me [200 OK, 312B, 36ms]
  âˆš  Status code is 200
  âˆš  Response has user info

â”” Refresh Token
  POST http://localhost:8000/api/auth/refresh [200 OK, 307B, 57ms]
  âˆš  Status code is 200
  âˆš  Response has new access token

â”” Login Invalid Credentials
  POST http://localhost:8000/api/auth/login [429 Too Many Requests, 188B, 83ms]
  1. Status code is 401
  2. Response has error message

â”” Access Protected Route without Token
  GET http://localhost:8000/api/auth/me [403 Forbidden, 162B, 14ms]
  âˆš  Status code is 401 or 403

â–¡ Categories
â”” List All Categories
  GET http://localhost:8000/api/categories [200 OK, 922B, 59ms]
  âˆš  Status code is 200
  âˆš  Response has categories array

â”” List Categories by Type (Expense)
  GET http://localhost:8000/api/categories?type=EXPENSE [200 OK, 734B, 39ms]
  âˆš  Status code is 200
  âˆš  All categories are expense type

â”” List Categories by Type (Income)
  GET http://localhost:8000/api/categories?type=INCOME [200 OK, 340B, 43ms]
  âˆš  Status code is 200
  âˆš  All categories are income type

â”” Get Category by ID
  GET http://localhost:8000/api/categories/1 [200 OK, 320B, 27ms]
  âˆš  Status code is 200
  âˆš  Response has category data

â”” Get Category Not Found
  GET http://localhost:8000/api/categories/99999 [404 Not Found, 163B, 12ms]
  âˆš  Status code is 404

â–¡ Transactions
â”” Create Transaction (Expense)
  POST http://localhost:8000/api/transactions [500 Internal Server Error, 218B, 371ms]
  3. Status code is 201
  4. Response has transaction data

â”” Create Transaction (Income)
  POST http://localhost:8000/api/transactions [201 Created, 472B, 350ms]
  âˆš  Status code is 201
  âˆš  Response has income transaction data

â”” List All Transactions
  GET http://localhost:8000/api/transactions [500 Internal Server Error, 218B, 84ms]
  5. Status code is 200
  6. Response has transactions array

â”” List Transactions by Type
  GET http://localhost:8000/api/transactions?type=EXPENSE [500 Internal Server Error, 218B, 132ms]
  7. Status code is 200
  8. All transactions are expense type

â”” Get Transaction by ID
  GET http://localhost:8000/api/transactions/ [500 Internal Server Error, 218B, 87ms]
  9. Status code is 200
 10. Response has transaction data

â”” Update Transaction
  PUT http://localhost:8000/api/transactions/ [405 Method Not Allowed, 184B, 115ms]
 11. Status code is 200
 12. Transaction was updated

â”” Get Transaction Not Found
  GET http://localhost:8000/api/transactions/99999 [404 Not Found, 166B, 46ms]
  âˆš  Status code is 404

â–¡ Budgets
â”” Create Budget
  POST http://localhost:8000/api/budgets [201 Created, 344B, 44ms]
  âˆš  Status code is 201
  âˆš  Response has budget data

â”” List Budgets
  GET http://localhost:8000/api/budgets [200 OK, 341B, 29ms]
  âˆš  Status code is 200
  âˆš  Response is array

â”” Get Budget by ID
  GET http://localhost:8000/api/budgets/1 [200 OK, 339B, 57ms]
  âˆš  Status code is 200
  âˆš  Response has budget data

â”” Get Budget Status
  GET http://localhost:8000/api/budgets/1/status [200 OK, 270B, 58ms]
  âˆš  Status code is 200
  âˆš  Response has status data

â”” Update Budget
  PUT http://localhost:8000/api/budgets/1 [200 OK, 338B, 55ms]
  âˆš  Status code is 200
 13. Budget was updated

â–¡ Goals
â”” Create Goal
  POST http://localhost:8000/api/goals [201 Created, 455B, 47ms]
  âˆš  Status code is 201
  âˆš  Response has goal data

â”” List Goals
  GET http://localhost:8000/api/goals [200 OK, 452B, 55ms]
  âˆš  Status code is 200
  âˆš  Response is array

â”” Get Goal by ID
  GET http://localhost:8000/api/goals/6 [200 OK, 450B, 42ms]
  âˆš  Status code is 200
  âˆš  Response has goal data

â”” Add Progress to Goal
  POST http://localhost:8000/api/goals/6/progress [200 OK, 452B, 54ms]
  âˆš  Status code is 200
  âˆš  Progress was added

â”” Get Goals Summary
  GET http://localhost:8000/api/goals/summary/progress [200 OK, 208B, 30ms]
  âˆš  Status code is 200
  âˆš  Response has summary data

â”” Update Goal
  PUT http://localhost:8000/api/goals/6 [200 OK, 474B, 80ms]
  âˆš  Status code is 200
  âˆš  Goal was updated

â”” Complete Goal
  POST http://localhost:8000/api/goals/6/complete [200 OK, 474B, 41ms]
  âˆš  Status code is 200
  âˆš  Goal was completed

â–¡ Recurring Transactions
â”” Create Recurring Transaction
  POST http://localhost:8000/api/recurring-transactions [201 Created, 476B, 84ms]
  âˆš  Status code is 201
  âˆš  Response has recurring transaction data

â”” List Recurring Transactions
  GET http://localhost:8000/api/recurring-transactions [200 OK, 473B, 41ms]
  âˆš  Status code is 200
  âˆš  Response is array

â”” Get Recurring Transaction by ID
  GET http://localhost:8000/api/recurring-transactions/1 [200 OK, 471B, 23ms]
  âˆš  Status code is 200
  âˆš  Response has data

â”” Update Recurring Transaction
  PUT http://localhost:8000/api/recurring-transactions/1 [200 OK, 478B, 50ms]
  âˆš  Status code is 200
 14. Transaction was updated

â–¡ Reports
â”” Get Dashboard
  GET http://localhost:8000/api/reports/dashboard [200 OK, 251B, 43ms]
  âˆš  Status code is 200
  âˆš  Response has dashboard data

â”” Get Financial Summary
  GET http://localhost:8000/api/reports/summary [200 OK, 481B, 96ms]
  âˆš  Status code is 200
  âˆš  Response has summary data

â”” Get Financial Summary with Date Range
  GET http://localhost:8000/api/reports/summary?start_date=2026-01-01&end_date=2026-01-31 [200 OK, 481B, 47ms]
  âˆš  Status code is 200
  âˆš  Response has period matching request

â”” Get Category Breakdown (Expense)
  GET http://localhost:8000/api/reports/categories?type=EXPENSE [200 OK, 215B, 43ms]
  âˆš  Status code is 200
  âˆš  Response is array

â”” Get Monthly Trends
  GET http://localhost:8000/api/reports/trends?months=6 [200 OK, 764B, 83ms]
  âˆš  Status code is 200
  âˆš  Response has trend data

â”” Get Spending Patterns
  GET http://localhost:8000/api/reports/patterns [200 OK, 240B, 41ms]
  âˆš  Status code is 200
  âˆš  Response has pattern data

â–¡ Cleanup
â”” Delete Recurring Transaction
  DELETE http://localhost:8000/api/recurring-transactions/1 [204 No Content, 113B, 45ms]
  âˆš  Status code is 204

â”” Delete Goal
  DELETE http://localhost:8000/api/goals/6 [204 No Content, 113B, 56ms]
  âˆš  Status code is 204

â”” Delete Budget
  DELETE http://localhost:8000/api/budgets/1 [204 No Content, 113B, 55ms]
  âˆš  Status code is 204

â”” Delete Transaction
  DELETE http://localhost:8000/api/transactions/ [405 Method Not Allowed, 184B, 30ms]
 15. Status code is 204

â”” Logout
  POST http://localhost:8000/api/auth/logout [200 OK, 236B, 22ms]
  âˆš  Status code is 200
  âˆš  Response has logout message

â”Œâ”€â”€â”€â”€â”€â”€â”€â”€â”€â”€â”€â”€â”€â”€â”€â”€â”€â”€â”€â”€â”€â”€â”€â”€â”€â”¬â”€â”€â”€â”€â”€â”€â”€â”€â”€â”€â”€â”€â”€â”€â”€â”€â”€â”€â”€â”€â”¬â”€â”€â”€â”€â”€â”€â”€â”€â”€â”€â”€â”€â”€â”€â”€â”€â”€â”€â”€â”
â”‚                         â”‚           executed â”‚            failed â”‚
â”œâ”€â”€â”€â”€â”€â”€â”€â”€â”€â”€â”€â”€â”€â”€â”€â”€â”€â”€â”€â”€â”€â”€â”€â”€â”€â”¼â”€â”€â”€â”€â”€â”€â”€â”€â”€â”€â”€â”€â”€â”€â”€â”€â”€â”€â”€â”€â”¼â”€â”€â”€â”€â”€â”€â”€â”€â”€â”€â”€â”€â”€â”€â”€â”€â”€â”€â”€â”¤
â”‚              iterations â”‚                  1 â”‚                 0 â”‚
â”œâ”€â”€â”€â”€â”€â”€â”€â”€â”€â”€â”€â”€â”€â”€â”€â”€â”€â”€â”€â”€â”€â”€â”€â”€â”€â”¼â”€â”€â”€â”€â”€â”€â”€â”€â”€â”€â”€â”€â”€â”€â”€â”€â”€â”€â”€â”€â”¼â”€â”€â”€â”€â”€â”€â”€â”€â”€â”€â”€â”€â”€â”€â”€â”€â”€â”€â”€â”¤
â”‚                requests â”‚                 46 â”‚                 0 â”‚
â”œâ”€â”€â”€â”€â”€â”€â”€â”€â”€â”€â”€â”€â”€â”€â”€â”€â”€â”€â”€â”€â”€â”€â”€â”€â”€â”¼â”€â”€â”€â”€â”€â”€â”€â”€â”€â”€â”€â”€â”€â”€â”€â”€â”€â”€â”€â”€â”¼â”€â”€â”€â”€â”€â”€â”€â”€â”€â”€â”€â”€â”€â”€â”€â”€â”€â”€â”€â”¤
â”‚            test-scripts â”‚                 46 â”‚                 0 â”‚
â”œâ”€â”€â”€â”€â”€â”€â”€â”€â”€â”€â”€â”€â”€â”€â”€â”€â”€â”€â”€â”€â”€â”€â”€â”€â”€â”¼â”€â”€â”€â”€â”€â”€â”€â”€â”€â”€â”€â”€â”€â”€â”€â”€â”€â”€â”€â”€â”¼â”€â”€â”€â”€â”€â”€â”€â”€â”€â”€â”€â”€â”€â”€â”€â”€â”€â”€â”€â”¤
â”‚      prerequest-scripts â”‚                  1 â”‚                 0 â”‚
â”œâ”€â”€â”€â”€â”€â”€â”€â”€â”€â”€â”€â”€â”€â”€â”€â”€â”€â”€â”€â”€â”€â”€â”€â”€â”€â”¼â”€â”€â”€â”€â”€â”€â”€â”€â”€â”€â”€â”€â”€â”€â”€â”€â”€â”€â”€â”€â”¼â”€â”€â”€â”€â”€â”€â”€â”€â”€â”€â”€â”€â”€â”€â”€â”€â”€â”€â”€â”¤
â”‚              assertions â”‚                 85 â”‚                15 â”‚
â”œâ”€â”€â”€â”€â”€â”€â”€â”€â”€â”€â”€â”€â”€â”€â”€â”€â”€â”€â”€â”€â”€â”€â”€â”€â”€â”´â”€â”€â”€â”€â”€â”€â”€â”€â”€â”€â”€â”€â”€â”€â”€â”€â”€â”€â”€â”€â”´â”€â”€â”€â”€â”€â”€â”€â”€â”€â”€â”€â”€â”€â”€â”€â”€â”€â”€â”€â”¤
â”‚ total run duration: 8.5s                                         â”‚
â”œâ”€â”€â”€â”€â”€â”€â”€â”€â”€â”€â”€â”€â”€â”€â”€â”€â”€â”€â”€â”€â”€â”€â”€â”€â”€â”€â”€â”€â”€â”€â”€â”€â”€â”€â”€â”€â”€â”€â”€â”€â”€â”€â”€â”€â”€â”€â”€â”€â”€â”€â”€â”€â”€â”€â”€â”€â”€â”€â”€â”€â”€â”€â”€â”€â”€â”€â”¤
â”‚ total data received: 10.1kB (approx)                             â”‚
â”œâ”€â”€â”€â”€â”€â”€â”€â”€â”€â”€â”€â”€â”€â”€â”€â”€â”€â”€â”€â”€â”€â”€â”€â”€â”€â”€â”€â”€â”€â”€â”€â”€â”€â”€â”€â”€â”€â”€â”€â”€â”€â”€â”€â”€â”€â”€â”€â”€â”€â”€â”€â”€â”€â”€â”€â”€â”€â”€â”€â”€â”€â”€â”€â”€â”€â”€â”¤
â”‚ average response time: 97ms [min: 12ms, max: 826ms, s.d.: 152ms] â”‚
â””â”€â”€â”€â”€â”€â”€â”€â”€â”€â”€â”€â”€â”€â”€â”€â”€â”€â”€â”€â”€â”€â”€â”€â”€â”€â”€â”€â”€â”€â”€â”€â”€â”€â”€â”€â”€â”€â”€â”€â”€â”€â”€â”€â”€â”€â”€â”€â”€â”€â”€â”€â”€â”€â”€â”€â”€â”€â”€â”€â”€â”€â”€â”€â”€â”€â”€â”˜

[31m   # [39m[31m failure        [39m[31m detail                                                               [39m
[90m     [39m[90m                [39m[90m                                                                      [39m
 01.  AssertionError  Status code is 401                                                   
                      expected response to have status code 401 but got 429                
                      at assertion:0 in test-script                                        
                      inside "Authentication / Login Invalid Credentials"                  
[90m     [39m[90m                [39m[90m                                                                      [39m
 02.  AssertionError  Response has error message                                           
                      expected { Object (error) } to have property 'detail'                
                      at assertion:1 in test-script                                        
                      inside "Authentication / Login Invalid Credentials"                  
[90m     [39m[90m                [39m[90m                                                                      [39m
 03.  AssertionError  Status code is 201                                                   
                      expected response to have status code 201 but got 500                
                      at assertion:0 in test-script                                        
                      inside "Transactions / Create Transaction (Expense)"                 
[90m     [39m[90m                [39m[90m                                                                      [39m
 04.  AssertionError  Response has transaction data                                        
                      expected { Object (error, message) } to have property 'id'           
                      at assertion:1 in test-script                                        
                      inside "Transactions / Create Transaction (Expense)"                 
[90m     [39m[90m                [39m[90m                                                                      [39m
 05.  AssertionError  Status code is 200                                                   
                      expected response to have status code 200 but got 500                
                      at assertion:0 in test-script                                        
                      inside "Transactions / List All Transactions"                        
[90m     [39m[90m                [39m[90m                                                                      [39m
 06.  AssertionError  Response has transactions array                                      
                      expected { Object (error, message) } to have property 'transactions' 
                      at assertion:1 in test-script                                        
                      inside "Transactions / List All Transactions"                        
[90m     [39m[90m                [39m[90m                                                                      [39m
 07.  AssertionError  Status code is 200                                                   
                      expected response to have status code 200 but got 500                
                      at assertion:0 in test-script                                        
                      inside "Transactions / List Transactions by Type"                    
[90m     [39m[90m                [39m[90m                                                                      [39m
 08.  TypeError       All transactions are expense type                                    
                      Cannot read properties of undefined (reading 'forEach')              
                      at assertion:1 in test-script                                        
                      inside "Transactions / List Transactions by Type"                    
[90m     [39m[90m                [39m[90m                                                                      [39m
 09.  AssertionError  Status code is 200                                                   
                      expected response to have status code 200 but got 500                
                      at assertion:0 in test-script                                        
                      inside "Transactions / Get Transaction by ID"                        
[90m     [39m[90m                [39m[90m                                                                      [39m
 10.  AssertionError  Response has transaction data                                        
                      expected { Object (error, message) } to have property 'id'           
                      at assertion:1 in test-script                                        
                      inside "Transactions / Get Transaction by ID"                        
[90m     [39m[90m                [39m[90m                                                                      [39m
 11.  AssertionError  Status code is 200                                                   
                      expected response to have status code 200 but got 405                
                      at assertion:0 in test-script                                        
                      inside "Transactions / Update Transaction"                           
[90m     [39m[90m                [39m[90m                                                                      [39m
 12.  AssertionError  Transaction was updated                                              
                      expected undefined to deeply equal 'Updated Transaction'             
                      at assertion:1 in test-script                                        
                      inside "Transactions / Update Transaction"                           
[90m     [39m[90m                [39m[90m                                                                      [39m
 13.  AssertionError  Budget was updated                                                   
                      expected '1500.0' to deeply equal 1500                               
                      at assertion:1 in test-script                                        
                      inside "Budgets / Update Budget"                                     
[90m     [39m[90m                [39m[90m                                                                      [39m
 14.  AssertionError  Transaction was updated                                              
                      expected '1300.0' to deeply equal 1300                               
                      at assertion:1 in test-script                                        
                      inside "Recurring Transactions / Update Recurring Transaction"       
[90m     [39m[90m                [39m[90m                                                                      [39m
 15.  AssertionError  Status code is 204                                                   
                      expected response to have status code 204 but got 405                
                      at assertion:0 in test-script                                        
                      inside "Cleanup / Delete Transaction"                                
